[pid: 11|app: 0|req: 9/9] 130.126.255.89 () {40 vars in 795 bytes} [Thu Apr 28 15:46:19 2016] GET /v1/edges?et=ALL&nodes=ALL&species=3702 => generated 17 bytes in 481 msecs (HTTP/1.1 200) 2 headers in 71 bytes (1 switches on core 0)
[pid: 11|app: 0|req: 10/10] 130.126.255.89 () {40 vars in 795 bytes} [Thu Apr 28 15:46:23 2016] GET /v1/edges?et=ALL&nodes=ALL&species=9606 => generated 17 bytes in 479 msecs (HTTP/1.1 200) 2 headers in 71 bytes (1 switches on core 0)
[pid: 11|app: 0|req: 11/11] 130.126.255.89 () {40 vars in 971 bytes} [Thu Apr 28 15:46:38 2016] GET /v1/edges?et=pathcom_controls_state_change_of&nodes=ENSG00000188157:ENSG00000276333:ENSG00000041357:ENSG00000100387&species=ALL => generated 330 bytes in 251 msecs (HTTP/1.1 200) 2 headers in 72 bytes (1 switches on core 0)
[pid: 11|app: 0|req: 12/12] 130.126.255.89 () {40 vars in 795 bytes} [Thu Apr 28 15:52:16 2016] GET /v1/edges?et=ALL&nodes=ALL&species=9606 => generated 17 bytes in 478 msecs (HTTP/1.1 200) 2 headers in 71 bytes (1 switches on core 0)
*** Starting uWSGI 2.0.12 (64bit) on [Thu Apr 28 15:54:58 2016] ***
compiled with version: 4.8.4 on 28 January 2016 16:46:00
os: Linux-3.19.0-56-generic #62~14.04.1-Ubuntu SMP Fri Mar 11 11:03:15 UTC 2016
nodename: 96b1649459ca
machine: x86_64
clock source: unix
detected number of CPU cores: 4
current working directory: /
detected binary path: /usr/local/bin/uwsgi
!!! no internal routing support, rebuild with pcre support !!!
uWSGI running as root, you can use --uid/--gid/--chroot options
*** WARNING: you are running uWSGI as root !!! (use the --uid flag) *** 
chdir() to /var/www/app
*** WARNING: you are running uWSGI without its master process manager ***
your processes number limit is 524288
your memory page size is 4096 bytes
detected max file descriptor number: 524288
lock engine: pthread robust mutexes
thunder lock: disabled (you can enable it with --thunder-lock)
uwsgi socket 0 bound to UNIX address /var/www/app/uwsgi.sock fd 3
Python version: 2.7.6 (default, Jun 22 2015, 18:01:27)  [GCC 4.8.2]
*** Python threads support is disabled. You can enable it with --enable-threads ***
Python main interpreter initialized at 0x2745fe0
your server socket listen backlog is limited to 100 connections
your mercy for graceful operations on workers is 60 seconds
mapped 72760 bytes (71 KB) for 1 cores
*** Operational MODE: single process ***
(930749, 236538)
WSGI app 0 (mountpoint='') ready in 50 seconds on interpreter 0x2745fe0 pid: 12 (default app)
*** uWSGI is running in multiple interpreter mode ***
spawned uWSGI worker 1 (and the only) (pid: 12, cores: 1)
*** Starting uWSGI 2.0.12 (64bit) on [Thu Apr 28 15:57:21 2016] ***
compiled with version: 4.8.4 on 28 January 2016 16:46:00
os: Linux-3.19.0-56-generic #62~14.04.1-Ubuntu SMP Fri Mar 11 11:03:15 UTC 2016
nodename: 96b1649459ca
machine: x86_64
clock source: unix
detected number of CPU cores: 4
current working directory: /
detected binary path: /usr/local/bin/uwsgi
!!! no internal routing support, rebuild with pcre support !!!
uWSGI running as root, you can use --uid/--gid/--chroot options
*** WARNING: you are running uWSGI as root !!! (use the --uid flag) *** 
chdir() to /var/www/app
*** WARNING: you are running uWSGI without its master process manager ***
your processes number limit is 524288
your memory page size is 4096 bytes
detected max file descriptor number: 524288
lock engine: pthread robust mutexes
thunder lock: disabled (you can enable it with --thunder-lock)
uwsgi socket 0 bound to UNIX address /var/www/app/uwsgi.sock fd 3
Python version: 2.7.6 (default, Jun 22 2015, 18:01:27)  [GCC 4.8.2]
*** Python threads support is disabled. You can enable it with --enable-threads ***
Python main interpreter initialized at 0xc11fe0
your server socket listen backlog is limited to 100 connections
your mercy for graceful operations on workers is 60 seconds
mapped 72760 bytes (71 KB) for 1 cores
*** Operational MODE: single process ***
(930749, 236538)
WSGI app 0 (mountpoint='') ready in 50 seconds on interpreter 0xc11fe0 pid: 12 (default app)
*** uWSGI is running in multiple interpreter mode ***
spawned uWSGI worker 1 (and the only) (pid: 12, cores: 1)
Thu Apr 28 15:58:29 2016 - SIGPIPE: writing to a closed pipe/socket/fd (probably the client disconnected) on request /v1/edges?et=ALL&nodes=ALL&species=9606 (ip 130.126.255.89) !!!
Thu Apr 28 15:58:29 2016 - uwsgi_response_writev_headers_and_body_do(): Broken pipe [core/writer.c line 296] during GET /v1/edges?et=ALL&nodes=ALL&species=9606 (130.126.255.89)
IOError: write error
[pid: 12|app: 0|req: 1/1] 130.126.255.89 () {42 vars in 826 bytes} [Thu Apr 28 15:58:19 2016] GET /v1/edges?et=ALL&nodes=ALL&species=9606 => generated 0 bytes in 9837 msecs (HTTP/1.1 200) 2 headers in 0 bytes (0 switches on core 0)
[pid: 12|app: 0|req: 2/2] 130.126.255.89 () {40 vars in 971 bytes} [Thu Apr 28 15:58:29 2016] GET /v1/edges?et=pathcom_controls_state_change_of&nodes=ENSG00000188157:ENSG00000276333:ENSG00000041357:ENSG00000100387&species=ALL => generated 330 bytes in 250 msecs (HTTP/1.1 200) 2 headers in 72 bytes (1 switches on core 0)
[pid: 12|app: 0|req: 3/3] 130.126.255.89 () {40 vars in 795 bytes} [Thu Apr 28 15:58:38 2016] GET /v1/edges?et=ALL&nodes=ALL&species=9606 => generated 103551951 bytes in 9929 msecs (HTTP/1.1 200) 2 headers in 78 bytes (517 switches on core 0)
*** Starting uWSGI 2.0.12 (64bit) on [Thu Apr 28 16:46:49 2016] ***
compiled with version: 4.8.4 on 28 January 2016 16:46:00
os: Linux-3.19.0-56-generic #62~14.04.1-Ubuntu SMP Fri Mar 11 11:03:15 UTC 2016
nodename: 96b1649459ca
machine: x86_64
clock source: unix
detected number of CPU cores: 4
current working directory: /
detected binary path: /usr/local/bin/uwsgi
!!! no internal routing support, rebuild with pcre support !!!
uWSGI running as root, you can use --uid/--gid/--chroot options
*** WARNING: you are running uWSGI as root !!! (use the --uid flag) *** 
chdir() to /var/www/app
*** WARNING: you are running uWSGI without its master process manager ***
your processes number limit is 524288
your memory page size is 4096 bytes
detected max file descriptor number: 524288
lock engine: pthread robust mutexes
thunder lock: disabled (you can enable it with --thunder-lock)
uwsgi socket 0 bound to UNIX address /var/www/app/uwsgi.sock fd 3
Python version: 2.7.6 (default, Jun 22 2015, 18:01:27)  [GCC 4.8.2]
*** Python threads support is disabled. You can enable it with --enable-threads ***
Python main interpreter initialized at 0x1bccfe0
your server socket listen backlog is limited to 100 connections
your mercy for graceful operations on workers is 60 seconds
mapped 72760 bytes (71 KB) for 1 cores
*** Operational MODE: single process ***
(930749, 236538)
WSGI app 0 (mountpoint='') ready in 50 seconds on interpreter 0x1bccfe0 pid: 12 (default app)
*** uWSGI is running in multiple interpreter mode ***
spawned uWSGI worker 1 (and the only) (pid: 12, cores: 1)
Thu Apr 28 16:49:14 2016 - SIGPIPE: writing to a closed pipe/socket/fd (probably the client disconnected) on request /v1/edges/summary?et=ALL&nodes=AT4G12470:ENSG00000007168:ENSG00000005249&species=ALL (ip 50.179.156.108) !!!
Thu Apr 28 16:49:14 2016 - uwsgi_response_writev_headers_and_body_do(): Broken pipe [core/writer.c line 296] during GET /v1/edges/summary?et=ALL&nodes=AT4G12470:ENSG00000007168:ENSG00000005249&species=ALL (50.179.156.108)
IOError: write error
[pid: 12|app: 0|req: 1/1] 50.179.156.108 () {40 vars in 885 bytes} [Thu Apr 28 16:49:13 2016] GET /v1/edges/summary?et=ALL&nodes=AT4G12470:ENSG00000007168:ENSG00000005249&species=ALL => generated 0 bytes in 729 msecs (HTTP/1.1 500) 2 headers in 0 bytes (0 switches on core 0)
[pid: 12|app: 0|req: 2/2] 50.179.156.108 () {40 vars in 885 bytes} [Thu Apr 28 16:49:14 2016] GET /v1/edges/summary?et=ALL&nodes=AT4G12470:ENSG00000007168:ENSG00000005249&species=ALL => generated 291 bytes in 720 msecs (HTTP/1.1 500) 2 headers in 84 bytes (1 switches on core 0)
[pid: 12|app: 0|req: 3/3] 50.179.156.108 () {40 vars in 736 bytes} [Thu Apr 28 16:49:39 2016] GET /v1/edges => generated 291 bytes in 0 msecs (HTTP/1.1 500) 2 headers in 84 bytes (1 switches on core 0)
[pid: 12|app: 0|req: 4/4] 50.179.156.108 () {40 vars in 971 bytes} [Thu Apr 28 16:51:07 2016] GET /v1/edges?et=pathcom_controls_state_change_of&nodes=ENSG00000188157:ENSG00000276333:ENSG00000041357:ENSG00000100387&species=ALL => generated 330 bytes in 254 msecs (HTTP/1.1 200) 2 headers in 72 bytes (1 switches on core 0)
[pid: 12|app: 0|req: 5/5] 50.179.156.108 () {40 vars in 758 bytes} [Thu Apr 28 16:51:13 2016] GET /v1/edges/edge_types => generated 27558 bytes in 2 msecs (HTTP/1.1 200) 2 headers in 74 bytes (1 switches on core 0)
[pid: 12|app: 0|req: 6/6] 50.179.156.108 () {40 vars in 885 bytes} [Thu Apr 28 16:52:09 2016] GET /v1/edges/summary?et=ALL&nodes=AT4G12470:ENSG00000007168:ENSG00000005249&species=ALL => generated 291 bytes in 715 msecs (HTTP/1.1 500) 2 headers in 84 bytes (1 switches on core 0)
[pid: 12|app: 0|req: 7/7] 50.179.156.108 () {40 vars in 752 bytes} [Thu Apr 28 16:52:11 2016] GET /v1/edges/summary => generated 291 bytes in 0 msecs (HTTP/1.1 500) 2 headers in 84 bytes (1 switches on core 0)
[pid: 12|app: 0|req: 8/8] 50.179.156.108 () {40 vars in 987 bytes} [Thu Apr 28 16:52:25 2016] GET /v1/edges/summary?et=pathcom_controls_state_change_of&nodes=ENSG00000188157:ENSG00000276333:ENSG00000041357:ENSG00000100387&species=ALL => generated 291 bytes in 437 msecs (HTTP/1.1 500) 2 headers in 84 bytes (1 switches on core 0)
[pid: 12|app: 0|req: 9/9] 50.179.156.108 () {40 vars in 915 bytes} [Thu Apr 28 16:52:31 2016] GET /v1/edges/summary?nodes=ENSG00000188157:ENSG00000276333:ENSG00000041357:ENSG00000100387&species=ALL => generated 16 bytes in 0 msecs (HTTP/1.1 200) 2 headers in 79 bytes (1 switches on core 0)
*** Starting uWSGI 2.0.12 (64bit) on [Thu Apr 28 16:55:25 2016] ***
compiled with version: 4.8.4 on 28 January 2016 16:46:00
os: Linux-3.19.0-56-generic #62~14.04.1-Ubuntu SMP Fri Mar 11 11:03:15 UTC 2016
nodename: 96b1649459ca
machine: x86_64
clock source: unix
detected number of CPU cores: 4
current working directory: /
detected binary path: /usr/local/bin/uwsgi
!!! no internal routing support, rebuild with pcre support !!!
uWSGI running as root, you can use --uid/--gid/--chroot options
*** WARNING: you are running uWSGI as root !!! (use the --uid flag) *** 
chdir() to /var/www/app
*** WARNING: you are running uWSGI without its master process manager ***
your processes number limit is 524288
your memory page size is 4096 bytes
detected max file descriptor number: 524288
lock engine: pthread robust mutexes
thunder lock: disabled (you can enable it with --thunder-lock)
uwsgi socket 0 bound to UNIX address /var/www/app/uwsgi.sock fd 3
Python version: 2.7.6 (default, Jun 22 2015, 18:01:27)  [GCC 4.8.2]
*** Python threads support is disabled. You can enable it with --enable-threads ***
Python main interpreter initialized at 0x12a5fe0
your server socket listen backlog is limited to 100 connections
your mercy for graceful operations on workers is 60 seconds
mapped 72760 bytes (71 KB) for 1 cores
*** Operational MODE: single process ***
*** Starting uWSGI 2.0.12 (64bit) on [Thu Apr 28 16:55:46 2016] ***
compiled with version: 4.8.4 on 28 January 2016 16:46:00
os: Linux-3.19.0-56-generic #62~14.04.1-Ubuntu SMP Fri Mar 11 11:03:15 UTC 2016
nodename: 96b1649459ca
machine: x86_64
clock source: unix
detected number of CPU cores: 4
current working directory: /
detected binary path: /usr/local/bin/uwsgi
!!! no internal routing support, rebuild with pcre support !!!
uWSGI running as root, you can use --uid/--gid/--chroot options
*** WARNING: you are running uWSGI as root !!! (use the --uid flag) *** 
chdir() to /var/www/app
*** WARNING: you are running uWSGI without its master process manager ***
your processes number limit is 524288
your memory page size is 4096 bytes
detected max file descriptor number: 524288
lock engine: pthread robust mutexes
thunder lock: disabled (you can enable it with --thunder-lock)
uwsgi socket 0 bound to UNIX address /var/www/app/uwsgi.sock fd 3
Python version: 2.7.6 (default, Jun 22 2015, 18:01:27)  [GCC 4.8.2]
*** Python threads support is disabled. You can enable it with --enable-threads ***
Python main interpreter initialized at 0x1972fe0
your server socket listen backlog is limited to 100 connections
your mercy for graceful operations on workers is 60 seconds
mapped 72760 bytes (71 KB) for 1 cores
*** Operational MODE: single process ***
(930749, 236538)
WSGI app 0 (mountpoint='') ready in 54 seconds on interpreter 0x1972fe0 pid: 13 (default app)
*** uWSGI is running in multiple interpreter mode ***
spawned uWSGI worker 1 (and the only) (pid: 13, cores: 1)
[pid: 13|app: 0|req: 1/1] 50.179.156.108 () {42 vars in 1002 bytes} [Thu Apr 28 17:06:46 2016] GET /v1/edges?et=pathcom_controls_state_change_of&nodes=ENSG00000188157:ENSG00000276333:ENSG00000041357:ENSG00000100387&species=ALL => generated 330 bytes in 253 msecs (HTTP/1.1 200) 2 headers in 72 bytes (1 switches on core 0)
[pid: 13|app: 0|req: 2/2] 50.179.156.108 () {40 vars in 736 bytes} [Thu Apr 28 17:06:53 2016] GET /v1/edges => generated 6 bytes in 0 msecs (HTTP/1.1 200) 2 headers in 78 bytes (1 switches on core 0)
[pid: 13|app: 0|req: 3/3] 50.179.156.108 () {40 vars in 758 bytes} [Thu Apr 28 17:06:56 2016] GET /v1/edges/edge_types => generated 27558 bytes in 2 msecs (HTTP/1.1 200) 2 headers in 74 bytes (1 switches on core 0)
[pid: 13|app: 0|req: 4/4] 50.179.156.108 () {40 vars in 885 bytes} [Thu Apr 28 17:06:59 2016] GET /v1/edges/summary?et=ALL&nodes=AT4G12470:ENSG00000007168:ENSG00000005249&species=ALL => generated 291 bytes in 731 msecs (HTTP/1.1 500) 2 headers in 84 bytes (1 switches on core 0)
[pid: 13|app: 0|req: 5/5] 50.179.156.108 () {40 vars in 752 bytes} [Thu Apr 28 17:07:00 2016] GET /v1/edges/summary => generated 6 bytes in 0 msecs (HTTP/1.1 200) 2 headers in 78 bytes (1 switches on core 0)
*** Starting uWSGI 2.0.12 (64bit) on [Thu Apr 28 17:55:53 2016] ***
compiled with version: 4.8.4 on 28 January 2016 16:46:00
os: Linux-3.19.0-56-generic #62~14.04.1-Ubuntu SMP Fri Mar 11 11:03:15 UTC 2016
nodename: 96b1649459ca
machine: x86_64
clock source: unix
detected number of CPU cores: 4
current working directory: /
detected binary path: /usr/local/bin/uwsgi
!!! no internal routing support, rebuild with pcre support !!!
uWSGI running as root, you can use --uid/--gid/--chroot options
*** WARNING: you are running uWSGI as root !!! (use the --uid flag) *** 
chdir() to /var/www/app
*** WARNING: you are running uWSGI without its master process manager ***
your processes number limit is 524288
your memory page size is 4096 bytes
detected max file descriptor number: 524288
lock engine: pthread robust mutexes
thunder lock: disabled (you can enable it with --thunder-lock)
uwsgi socket 0 bound to UNIX address /var/www/app/uwsgi.sock fd 3
Python version: 2.7.6 (default, Jun 22 2015, 18:01:27)  [GCC 4.8.2]
*** Python threads support is disabled. You can enable it with --enable-threads ***
Python main interpreter initialized at 0x22a9fe0
your server socket listen backlog is limited to 100 connections
your mercy for graceful operations on workers is 60 seconds
mapped 72760 bytes (71 KB) for 1 cores
*** Operational MODE: single process ***
(930770, 236538)
WSGI app 0 (mountpoint='') ready in 57 seconds on interpreter 0x22a9fe0 pid: 12 (default app)
*** uWSGI is running in multiple interpreter mode ***
spawned uWSGI worker 1 (and the only) (pid: 12, cores: 1)
[pid: 12|app: 0|req: 1/1] 50.179.156.108 () {42 vars in 916 bytes} [Thu Apr 28 17:59:05 2016] GET /v1/edges/summary?et=ALL&nodes=AT4G12470:ENSG00000007168:ENSG00000005249&species=ALL => generated 342 bytes in 2629 msecs (HTTP/1.1 200) 2 headers in 72 bytes (1 switches on core 0)
[pid: 12|app: 0|req: 2/2] 50.179.156.108 () {40 vars in 971 bytes} [Thu Apr 28 17:59:24 2016] GET /v1/edges?et=pathcom_controls_state_change_of&nodes=ENSG00000188157:ENSG00000276333:ENSG00000041357:ENSG00000100387&species=ALL => generated 334 bytes in 257 msecs (HTTP/1.1 200) 2 headers in 72 bytes (1 switches on core 0)
[pid: 12|app: 0|req: 3/3] 50.179.156.108 () {40 vars in 752 bytes} [Thu Apr 28 17:59:33 2016] GET /v1/edges/summary => generated 6 bytes in 0 msecs (HTTP/1.1 200) 2 headers in 78 bytes (1 switches on core 0)
[pid: 12|app: 0|req: 4/4] 50.179.156.108 () {40 vars in 1089 bytes} [Thu Apr 28 17:59:36 2016] GET /v1/edges/summary?et=ALL&nodes=paco_AR_protein_affects_the_reaction__Dihydrotestosterone_resul:paco_BMS453_inhibits_the_reaction__Tretinoin_inhibits_the_react:ENSG00000140009&species=ALL => generated 372 bytes in 1942 msecs (HTTP/1.1 200) 2 headers in 72 bytes (1 switches on core 0)
*** Starting uWSGI 2.0.12 (64bit) on [Thu Apr 28 18:05:58 2016] ***
compiled with version: 4.8.4 on 28 January 2016 16:46:00
os: Linux-3.19.0-56-generic #62~14.04.1-Ubuntu SMP Fri Mar 11 11:03:15 UTC 2016
nodename: 96b1649459ca
machine: x86_64
clock source: unix
detected number of CPU cores: 4
current working directory: /
detected binary path: /usr/local/bin/uwsgi
!!! no internal routing support, rebuild with pcre support !!!
uWSGI running as root, you can use --uid/--gid/--chroot options
*** WARNING: you are running uWSGI as root !!! (use the --uid flag) *** 
chdir() to /var/www/app
*** WARNING: you are running uWSGI without its master process manager ***
your processes number limit is 524288
your memory page size is 4096 bytes
detected max file descriptor number: 524288
lock engine: pthread robust mutexes
thunder lock: disabled (you can enable it with --thunder-lock)
uwsgi socket 0 bound to UNIX address /var/www/app/uwsgi.sock fd 3
Python version: 2.7.6 (default, Jun 22 2015, 18:01:27)  [GCC 4.8.2]
*** Python threads support is disabled. You can enable it with --enable-threads ***
Python main interpreter initialized at 0x10f3fe0
your server socket listen backlog is limited to 100 connections
your mercy for graceful operations on workers is 60 seconds
mapped 72760 bytes (71 KB) for 1 cores
*** Operational MODE: single process ***
(930770, 236538)
WSGI app 0 (mountpoint='') ready in 57 seconds on interpreter 0x10f3fe0 pid: 11 (default app)
*** uWSGI is running in multiple interpreter mode ***
spawned uWSGI worker 1 (and the only) (pid: 11, cores: 1)
[pid: 11|app: 0|req: 1/1] 50.179.156.108 () {40 vars in 879 bytes} [Thu Apr 28 18:06:55 2016] GET /v1/nodes?node_id=paco_15_deoxy_delta_12_14__prostaglandin_J2_promotes_the_reacti => generated 425 bytes in 40 msecs (HTTP/1.1 200) 2 headers in 72 bytes (1 switches on core 0)
[pid: 11|app: 0|req: 2/2] 50.179.156.108 () {40 vars in 783 bytes} [Thu Apr 28 18:08:52 2016] GET /v1/nodes?node_id=ENSG00000236802 => generated 122 bytes in 42 msecs (HTTP/1.1 200) 2 headers in 72 bytes (1 switches on core 0)
[pid: 11|app: 0|req: 3/3] 50.179.156.108 () {40 vars in 771 bytes} [Thu Apr 28 18:09:34 2016] GET /v1/nodes?node_id=AT1G01020 => generated 116 bytes in 41 msecs (HTTP/1.1 200) 2 headers in 72 bytes (1 switches on core 0)
[pid: 11|app: 0|req: 4/4] 50.179.156.108 () {40 vars in 803 bytes} [Thu Apr 28 18:09:37 2016] GET /v1/nodes?node_id=AT1G01020:ENSG00000236802 => generated 221 bytes in 82 msecs (HTTP/1.1 200) 2 headers in 72 bytes (1 switches on core 0)
[pid: 11|app: 0|req: 5/5] 50.179.156.108 () {40 vars in 879 bytes} [Thu Apr 28 18:09:49 2016] GET /v1/nodes?node_id=paco_15_deoxy_delta_12_14__prostaglandin_J2_promotes_the_reacti => generated 425 bytes in 42 msecs (HTTP/1.1 200) 2 headers in 72 bytes (1 switches on core 0)
*** Starting uWSGI 2.0.12 (64bit) on [Thu Apr 28 18:12:02 2016] ***
compiled with version: 4.8.4 on 28 January 2016 16:46:00
os: Linux-3.19.0-56-generic #62~14.04.1-Ubuntu SMP Fri Mar 11 11:03:15 UTC 2016
nodename: 96b1649459ca
machine: x86_64
clock source: unix
detected number of CPU cores: 4
current working directory: /
detected binary path: /usr/local/bin/uwsgi
!!! no internal routing support, rebuild with pcre support !!!
uWSGI running as root, you can use --uid/--gid/--chroot options
*** WARNING: you are running uWSGI as root !!! (use the --uid flag) *** 
chdir() to /var/www/app
*** WARNING: you are running uWSGI without its master process manager ***
your processes number limit is 524288
your memory page size is 4096 bytes
detected max file descriptor number: 524288
lock engine: pthread robust mutexes
thunder lock: disabled (you can enable it with --thunder-lock)
uwsgi socket 0 bound to UNIX address /var/www/app/uwsgi.sock fd 3
Python version: 2.7.6 (default, Jun 22 2015, 18:01:27)  [GCC 4.8.2]
*** Python threads support is disabled. You can enable it with --enable-threads ***
Python main interpreter initialized at 0x2552fe0
your server socket listen backlog is limited to 100 connections
your mercy for graceful operations on workers is 60 seconds
mapped 72760 bytes (71 KB) for 1 cores
*** Operational MODE: single process ***
(930770, 236538)
WSGI app 0 (mountpoint='') ready in 57 seconds on interpreter 0x2552fe0 pid: 12 (default app)
*** uWSGI is running in multiple interpreter mode ***
spawned uWSGI worker 1 (and the only) (pid: 12, cores: 1)
[pid: 12|app: 0|req: 1/1] 50.179.156.108 () {42 vars in 910 bytes} [Thu Apr 28 18:13:12 2016] GET /v1/nodes?node_id=paco_15_deoxy_delta_12_14__prostaglandin_J2_promotes_the_reacti => generated 425 bytes in 41 msecs (HTTP/1.1 200) 2 headers in 72 bytes (1 switches on core 0)
[pid: 12|app: 0|req: 2/2] 50.179.156.108 () {40 vars in 793 bytes} [Thu Apr 28 18:13:17 2016] GET /v1/nodes/identifier?node_id=AT1G01020 => generated 95 bytes in 350 msecs (HTTP/1.1 200) 2 headers in 71 bytes (1 switches on core 0)
[pid: 12|app: 0|req: 3/3] 50.179.156.108 () {40 vars in 925 bytes} [Thu Apr 28 18:13:23 2016] GET /v1/nodes/identifier?node_id=AT1G01020:paco_15_deoxy_delta_12_14__prostaglandin_J2_promotes_the_reaction => generated 291 bytes in 351 msecs (HTTP/1.1 500) 2 headers in 84 bytes (1 switches on core 0)
[pid: 12|app: 0|req: 4/4] 50.179.156.108 () {40 vars in 905 bytes} [Thu Apr 28 18:13:32 2016] GET /v1/nodes/identifier?node_id=paco_15_deoxy_delta_12_14__prostaglandin_J2_promotes_the_reaction => generated 291 bytes in 348 msecs (HTTP/1.1 500) 2 headers in 84 bytes (1 switches on core 0)
[pid: 12|app: 0|req: 5/5] 50.179.156.108 () {42 vars in 936 bytes} [Thu Apr 28 18:22:53 2016] GET /v1/nodes/identifier?node_id=paco_15_deoxy_delta_12_14__prostaglandin_J2_promotes_the_reaction => generated 291 bytes in 361 msecs (HTTP/1.1 500) 2 headers in 84 bytes (1 switches on core 0)
*** Starting uWSGI 2.0.12 (64bit) on [Thu Apr 28 18:23:39 2016] ***
compiled with version: 4.8.4 on 28 January 2016 16:46:00
os: Linux-3.19.0-56-generic #62~14.04.1-Ubuntu SMP Fri Mar 11 11:03:15 UTC 2016
nodename: 96b1649459ca
machine: x86_64
clock source: unix
detected number of CPU cores: 4
current working directory: /
detected binary path: /usr/local/bin/uwsgi
!!! no internal routing support, rebuild with pcre support !!!
uWSGI running as root, you can use --uid/--gid/--chroot options
*** WARNING: you are running uWSGI as root !!! (use the --uid flag) *** 
chdir() to /var/www/app
*** WARNING: you are running uWSGI without its master process manager ***
your processes number limit is 524288
your memory page size is 4096 bytes
detected max file descriptor number: 524288
lock engine: pthread robust mutexes
thunder lock: disabled (you can enable it with --thunder-lock)
uwsgi socket 0 bound to UNIX address /var/www/app/uwsgi.sock fd 3
Python version: 2.7.6 (default, Jun 22 2015, 18:01:27)  [GCC 4.8.2]
*** Python threads support is disabled. You can enable it with --enable-threads ***
Python main interpreter initialized at 0x240cfe0
your server socket listen backlog is limited to 100 connections
your mercy for graceful operations on workers is 60 seconds
mapped 72760 bytes (71 KB) for 1 cores
*** Operational MODE: single process ***
*** Starting uWSGI 2.0.12 (64bit) on [Thu Apr 28 18:24:18 2016] ***
compiled with version: 4.8.4 on 28 January 2016 16:46:00
os: Linux-3.19.0-56-generic #62~14.04.1-Ubuntu SMP Fri Mar 11 11:03:15 UTC 2016
nodename: 96b1649459ca
machine: x86_64
clock source: unix
detected number of CPU cores: 4
current working directory: /
detected binary path: /usr/local/bin/uwsgi
!!! no internal routing support, rebuild with pcre support !!!
uWSGI running as root, you can use --uid/--gid/--chroot options
*** WARNING: you are running uWSGI as root !!! (use the --uid flag) *** 
chdir() to /var/www/app
*** WARNING: you are running uWSGI without its master process manager ***
your processes number limit is 524288
your memory page size is 4096 bytes
detected max file descriptor number: 524288
lock engine: pthread robust mutexes
thunder lock: disabled (you can enable it with --thunder-lock)
uwsgi socket 0 bound to UNIX address /var/www/app/uwsgi.sock fd 3
Python version: 2.7.6 (default, Jun 22 2015, 18:01:27)  [GCC 4.8.2]
*** Python threads support is disabled. You can enable it with --enable-threads ***
Python main interpreter initialized at 0x2587fe0
your server socket listen backlog is limited to 100 connections
your mercy for graceful operations on workers is 60 seconds
mapped 72760 bytes (71 KB) for 1 cores
*** Operational MODE: single process ***
(930770, 236538)
WSGI app 0 (mountpoint='') ready in 58 seconds on interpreter 0x2587fe0 pid: 11 (default app)
*** uWSGI is running in multiple interpreter mode ***
spawned uWSGI worker 1 (and the only) (pid: 11, cores: 1)
[pid: 11|app: 0|req: 1/1] 50.179.156.108 () {42 vars in 936 bytes} [Thu Apr 28 18:25:50 2016] GET /v1/nodes/identifier?node_id=paco_15_deoxy_delta_12_14__prostaglandin_J2_promotes_the_reaction => generated 291 bytes in 344 msecs (HTTP/1.1 500) 2 headers in 84 bytes (1 switches on core 0)
[pid: 11|app: 0|req: 2/2] 50.179.156.108 () {42 vars in 936 bytes} [Thu Apr 28 18:25:51 2016] GET /v1/nodes/identifier?node_id=paco_15_deoxy_delta_12_14__prostaglandin_J2_promotes_the_reaction => generated 291 bytes in 354 msecs (HTTP/1.1 500) 2 headers in 84 bytes (1 switches on core 0)
[pid: 11|app: 0|req: 3/3] 50.179.156.108 () {42 vars in 936 bytes} [Thu Apr 28 18:25:53 2016] GET /v1/nodes/identifier?node_id=paco_15_deoxy_delta_12_14__prostaglandin_J2_promotes_the_reaction => generated 291 bytes in 347 msecs (HTTP/1.1 500) 2 headers in 84 bytes (1 switches on core 0)
[pid: 11|app: 0|req: 4/4] 50.179.156.108 () {40 vars in 793 bytes} [Thu Apr 28 18:25:59 2016] GET /v1/nodes/identifier?node_id=AT1G01020 => generated 95 bytes in 356 msecs (HTTP/1.1 200) 2 headers in 71 bytes (1 switches on core 0)
[pid: 11|app: 0|req: 5/5] 50.179.156.108 () {40 vars in 925 bytes} [Thu Apr 28 18:26:09 2016] GET /v1/nodes/identifier?node_id=AT1G01020:paco_15_deoxy_delta_12_14__prostaglandin_J2_promotes_the_reaction => generated 291 bytes in 311 msecs (HTTP/1.1 500) 2 headers in 84 bytes (1 switches on core 0)
[pid: 11|app: 0|req: 6/6] 50.179.156.108 () {40 vars in 811 bytes} [Thu Apr 28 18:33:40 2016] GET /v1/nodes/identifier?node_id=AT1G01020:21S_rRNA => generated 203 bytes in 333 msecs (HTTP/1.1 200) 2 headers in 72 bytes (1 switches on core 0)
[pid: 11|app: 0|req: 7/7] 50.179.156.108 () {40 vars in 805 bytes} [Thu Apr 28 18:35:14 2016] GET /v1/nodes/summary?node_id=AT1G01020:21S_rRNA => generated 291 bytes in 618 msecs (HTTP/1.1 500) 2 headers in 84 bytes (1 switches on core 0)
[pid: 11|app: 0|req: 8/8] 50.179.156.108 () {40 vars in 811 bytes} [Thu Apr 28 18:42:44 2016] GET /v1/nodes/identifier?node_id=AT1G01020:21S_rRNA => generated 203 bytes in 339 msecs (HTTP/1.1 200) 2 headers in 72 bytes (1 switches on core 0)
[pid: 11|app: 0|req: 9/9] 50.179.156.108 () {40 vars in 925 bytes} [Thu Apr 28 18:42:49 2016] GET /v1/nodes/identifier?node_id=AT1G01020:paco_15_deoxy_delta_12_14__prostaglandin_J2_promotes_the_reaction => generated 291 bytes in 355 msecs (HTTP/1.1 500) 2 headers in 84 bytes (1 switches on core 0)
[pid: 11|app: 0|req: 10/10] 50.179.156.108 () {40 vars in 883 bytes} [Thu Apr 28 18:43:00 2016] GET /v1/nodes?node_id=paco_15_deoxy_delta_12_14__prostaglandin_J2_promotes_the_reaction => generated 16 bytes in 43 msecs (HTTP/1.1 200) 2 headers in 71 bytes (1 switches on core 0)
[pid: 11|app: 0|req: 11/11] 50.179.156.108 () {40 vars in 873 bytes} [Thu Apr 28 18:43:19 2016] GET /v1/edges?et=paco_15_deoxy_delta_12_14__prostaglandin_J2_promotes_the_reaction => generated 16 bytes in 0 msecs (HTTP/1.1 200) 2 headers in 79 bytes (1 switches on core 0)
[pid: 11|app: 0|req: 12/12] 50.179.156.108 () {40 vars in 917 bytes} [Thu Apr 28 18:43:43 2016] GET /v1/edges?et=ALL&species=ALL&nodes=paco_15_deoxy_delta_12_14__prostaglandin_J2_promotes_the_reaction => generated 17 bytes in 179 msecs (HTTP/1.1 200) 2 headers in 71 bytes (1 switches on core 0)
[pid: 11|app: 0|req: 13/13] 50.179.156.108 () {42 vars in 948 bytes} [Thu Apr 28 18:44:26 2016] GET /v1/edges?et=ALL&species=ALL&nodes=paco_15_deoxy_delta_12_14__prostaglandin_J2_promotes_the_reaction => generated 17 bytes in 187 msecs (HTTP/1.1 200) 2 headers in 71 bytes (1 switches on core 0)
[pid: 11|app: 0|req: 14/14] 50.179.156.108 () {40 vars in 817 bytes} [Thu Apr 28 18:44:58 2016] GET /v1/edges?species=ALL&nodes=ALL&et=blastp_homology => generated 17 bytes in 197 msecs (HTTP/1.1 200) 2 headers in 71 bytes (1 switches on core 0)
Thu Apr 28 18:45:17 2016 - SIGPIPE: writing to a closed pipe/socket/fd (probably the client disconnected) on request /v1/edges?species=ALL&nodes=ALL&et=ALL (ip 50.179.156.108) !!!
Thu Apr 28 18:45:17 2016 - uwsgi_response_writev_headers_and_body_do(): Broken pipe [core/writer.c line 296] during GET /v1/edges?species=ALL&nodes=ALL&et=ALL (50.179.156.108)
IOError: write error
[pid: 11|app: 0|req: 15/15] 50.179.156.108 () {40 vars in 793 bytes} [Thu Apr 28 18:45:04 2016] GET /v1/edges?species=ALL&nodes=ALL&et=ALL => generated 0 bytes in 13387 msecs (HTTP/1.1 200) 2 headers in 0 bytes (0 switches on core 0)
Thu Apr 28 18:45:17 2016 - SIGPIPE: writing to a closed pipe/socket/fd (probably the client disconnected) on request /v1/edges?species=ALL&nodes=ALL&et=blastp_homology (ip 50.179.156.108) !!!
Thu Apr 28 18:45:17 2016 - uwsgi_response_writev_headers_and_body_do(): Broken pipe [core/writer.c line 296] during GET /v1/edges?species=ALL&nodes=ALL&et=blastp_homology (50.179.156.108)
IOError: write error
[pid: 11|app: 0|req: 16/16] 50.179.156.108 () {42 vars in 848 bytes} [Thu Apr 28 18:45:17 2016] GET /v1/edges?species=ALL&nodes=ALL&et=blastp_homology => generated 0 bytes in 191 msecs (HTTP/1.1 200) 2 headers in 0 bytes (0 switches on core 0)
[pid: 11|app: 0|req: 17/17] 50.179.156.108 () {40 vars in 825 bytes} [Thu Apr 28 18:45:17 2016] GET /v1/edges?species=ALL&nodes=ALL&et=go_curated_evidence => generated 17 bytes in 191 msecs (HTTP/1.1 200) 2 headers in 71 bytes (1 switches on core 0)
[pid: 11|app: 0|req: 18/18] 50.179.156.108 () {40 vars in 803 bytes} [Thu Apr 28 18:45:24 2016] GET /v1/edges?species=ALL&nodes=ALL&et=hn_CE_CC => generated 17 bytes in 190 msecs (HTTP/1.1 200) 2 headers in 71 bytes (1 switches on core 0)
[pid: 11|app: 0|req: 19/19] 50.179.156.108 () {40 vars in 971 bytes} [Thu Apr 28 18:46:30 2016] GET /v1/edges?et=pathcom_controls_state_change_of&nodes=ENSG00000188157:ENSG00000276333:ENSG00000041357:ENSG00000100387&species=ALL => generated 334 bytes in 257 msecs (HTTP/1.1 200) 2 headers in 72 bytes (1 switches on core 0)
[pid: 11|app: 0|req: 20/20] 50.179.156.108 () {40 vars in 851 bytes} [Thu Apr 28 18:46:40 2016] GET /v1/edges?et=pathcom_controls_state_change_of&nodes=all&species=ALL => generated 17 bytes in 223 msecs (HTTP/1.1 200) 2 headers in 71 bytes (1 switches on core 0)
[pid: 11|app: 0|req: 21/21] 50.179.156.108 () {40 vars in 851 bytes} [Thu Apr 28 18:46:46 2016] GET /v1/edges?et=pathcom_controls_state_change_of&nodes=ALL&species=ALL => generated 11251896 bytes in 1172 msecs (HTTP/1.1 200) 2 headers in 77 bytes (52 switches on core 0)
[pid: 11|app: 0|req: 22/22] 50.179.156.108 () {40 vars in 803 bytes} [Thu Apr 28 18:47:06 2016] GET /v1/edges?et=hn_CE_YH&nodes=ALL&species=ALL => generated 17 bytes in 191 msecs (HTTP/1.1 200) 2 headers in 71 bytes (1 switches on core 0)
[pid: 11|app: 0|req: 23/23] 50.179.156.108 () {40 vars in 817 bytes} [Thu Apr 28 18:48:01 2016] GET /v1/edges?et=pathcom_pathway&nodes=ALL&species=ALL => generated 29485965 bytes in 2753 msecs (HTTP/1.1 200) 2 headers in 77 bytes (135 switches on core 0)
*** Starting uWSGI 2.0.12 (64bit) on [Thu Apr 28 18:52:17 2016] ***
compiled with version: 4.8.4 on 28 January 2016 16:46:00
os: Linux-3.19.0-56-generic #62~14.04.1-Ubuntu SMP Fri Mar 11 11:03:15 UTC 2016
nodename: 96b1649459ca
machine: x86_64
clock source: unix
detected number of CPU cores: 4
current working directory: /
detected binary path: /usr/local/bin/uwsgi
!!! no internal routing support, rebuild with pcre support !!!
uWSGI running as root, you can use --uid/--gid/--chroot options
*** WARNING: you are running uWSGI as root !!! (use the --uid flag) *** 
chdir() to /var/www/app
*** WARNING: you are running uWSGI without its master process manager ***
your processes number limit is 524288
your memory page size is 4096 bytes
detected max file descriptor number: 524288
lock engine: pthread robust mutexes
thunder lock: disabled (you can enable it with --thunder-lock)
uwsgi socket 0 bound to UNIX address /var/www/app/uwsgi.sock fd 3
Python version: 2.7.6 (default, Jun 22 2015, 18:01:27)  [GCC 4.8.2]
*** Python threads support is disabled. You can enable it with --enable-threads ***
Python main interpreter initialized at 0x137bfe0
your server socket listen backlog is limited to 100 connections
your mercy for graceful operations on workers is 60 seconds
mapped 72760 bytes (71 KB) for 1 cores
*** Operational MODE: single process ***
(930770, 236538)
WSGI app 0 (mountpoint='') ready in 56 seconds on interpreter 0x137bfe0 pid: 11 (default app)
*** uWSGI is running in multiple interpreter mode ***
spawned uWSGI worker 1 (and the only) (pid: 11, cores: 1)
x
y
[pid: 11|app: 0|req: 1/1] 50.179.156.108 () {40 vars in 799 bytes} [Thu Apr 28 18:53:53 2016] GET /v1/nodes/summary?node_id=ENSG00000236802 => generated 291 bytes in 392 msecs (HTTP/1.1 500) 2 headers in 84 bytes (1 switches on core 0)
*** Starting uWSGI 2.0.12 (64bit) on [Thu Apr 28 18:56:13 2016] ***
compiled with version: 4.8.4 on 28 January 2016 16:46:00
os: Linux-3.19.0-56-generic #62~14.04.1-Ubuntu SMP Fri Mar 11 11:03:15 UTC 2016
nodename: 96b1649459ca
machine: x86_64
clock source: unix
detected number of CPU cores: 4
current working directory: /
detected binary path: /usr/local/bin/uwsgi
!!! no internal routing support, rebuild with pcre support !!!
uWSGI running as root, you can use --uid/--gid/--chroot options
*** WARNING: you are running uWSGI as root !!! (use the --uid flag) *** 
chdir() to /var/www/app
*** WARNING: you are running uWSGI without its master process manager ***
your processes number limit is 524288
your memory page size is 4096 bytes
detected max file descriptor number: 524288
lock engine: pthread robust mutexes
thunder lock: disabled (you can enable it with --thunder-lock)
uwsgi socket 0 bound to UNIX address /var/www/app/uwsgi.sock fd 3
Python version: 2.7.6 (default, Jun 22 2015, 18:01:27)  [GCC 4.8.2]
*** Python threads support is disabled. You can enable it with --enable-threads ***
Python main interpreter initialized at 0xf57fe0
your server socket listen backlog is limited to 100 connections
your mercy for graceful operations on workers is 60 seconds
mapped 72760 bytes (71 KB) for 1 cores
*** Operational MODE: single process ***
(930770, 236538)
WSGI app 0 (mountpoint='') ready in 57 seconds on interpreter 0xf57fe0 pid: 12 (default app)
*** uWSGI is running in multiple interpreter mode ***
spawned uWSGI worker 1 (and the only) (pid: 12, cores: 1)
x
y
a
b
c
d
[pid: 12|app: 0|req: 1/1] 50.179.156.108 () {42 vars in 830 bytes} [Thu Apr 28 18:57:10 2016] GET /v1/nodes/summary?node_id=ENSG00000236802 => generated 43 bytes in 379 msecs (HTTP/1.1 200) 2 headers in 71 bytes (1 switches on core 0)
x
y
a
b
c
d
[pid: 12|app: 0|req: 2/2] 50.179.156.108 () {40 vars in 895 bytes} [Thu Apr 28 18:57:36 2016] GET /v1/nodes/summary?node_id=ENSG00000188157:ENSG00000276333:ENSG00000041357:ENSG00000100387 => generated 44 bytes in 1216 msecs (HTTP/1.1 200) 2 headers in 71 bytes (1 switches on core 0)
*** Starting uWSGI 2.0.12 (64bit) on [Thu Apr 28 18:58:28 2016] ***
compiled with version: 4.8.4 on 28 January 2016 16:46:00
os: Linux-3.19.0-56-generic #62~14.04.1-Ubuntu SMP Fri Mar 11 11:03:15 UTC 2016
nodename: 96b1649459ca
machine: x86_64
clock source: unix
detected number of CPU cores: 4
current working directory: /
detected binary path: /usr/local/bin/uwsgi
!!! no internal routing support, rebuild with pcre support !!!
uWSGI running as root, you can use --uid/--gid/--chroot options
*** WARNING: you are running uWSGI as root !!! (use the --uid flag) *** 
chdir() to /var/www/app
*** WARNING: you are running uWSGI without its master process manager ***
your processes number limit is 524288
your memory page size is 4096 bytes
detected max file descriptor number: 524288
lock engine: pthread robust mutexes
thunder lock: disabled (you can enable it with --thunder-lock)
uwsgi socket 0 bound to UNIX address /var/www/app/uwsgi.sock fd 3
Python version: 2.7.6 (default, Jun 22 2015, 18:01:27)  [GCC 4.8.2]
*** Python threads support is disabled. You can enable it with --enable-threads ***
Python main interpreter initialized at 0x1beffe0
your server socket listen backlog is limited to 100 connections
your mercy for graceful operations on workers is 60 seconds
mapped 72760 bytes (71 KB) for 1 cores
*** Operational MODE: single process ***
(930770, 236538)
WSGI app 0 (mountpoint='') ready in 56 seconds on interpreter 0x1beffe0 pid: 12 (default app)
*** uWSGI is running in multiple interpreter mode ***
spawned uWSGI worker 1 (and the only) (pid: 12, cores: 1)
x
y
a
b
c
d
[pid: 12|app: 0|req: 1/1] 50.179.156.108 () {42 vars in 926 bytes} [Thu Apr 28 18:59:33 2016] GET /v1/nodes/summary?node_id=ENSG00000188157:ENSG00000276333:ENSG00000041357:ENSG00000100387 => generated 140 bytes in 1222 msecs (HTTP/1.1 200) 2 headers in 72 bytes (1 switches on core 0)
x
y
a
b
c
d
[pid: 12|app: 0|req: 2/2] 50.179.156.108 () {42 vars in 926 bytes} [Thu Apr 28 18:59:35 2016] GET /v1/nodes/summary?node_id=ENSG00000188157:ENSG00000276333:ENSG00000041357:ENSG00000100387 => generated 140 bytes in 1222 msecs (HTTP/1.1 200) 2 headers in 72 bytes (1 switches on core 0)
